Building DAG of jobs...
Using shell: /bin/bash
Provided cores: 16
Rules claiming more threads will be scaled down.
Job counts:
	count	jobs
	85	bam_to_fastq
	85	bwa_mem_IGC
	85	countKegg
	85	extract_geneList
	1	gene_abundance
	1	targets
	342

[Thu Apr 16 22:41:06 2020]
rule bam_to_fastq:
    input: data/qc/bwa_GRCh38_results/SRR5665184_GRCh38_unmapped.bam
    output: data/qc/bwa_GRCh38_results/SRR5665184_unmapped_1.fastq.gz, data/qc/bwa_GRCh38_results/SRR5665184_unmapped_2.fastq.gz
    log: log/qc/bamtofastq_SRR5665184.log
    jobid: 283
    benchmark: benchmarks/qc/bamtofastq_SRR5665184.txt
    wildcards: sample=SRR5665184


[Thu Apr 16 22:41:06 2020]
rule bam_to_fastq:
    input: data/qc/bwa_GRCh38_results/SRR5665043_GRCh38_unmapped.bam
    output: data/qc/bwa_GRCh38_results/SRR5665043_unmapped_1.fastq.gz, data/qc/bwa_GRCh38_results/SRR5665043_unmapped_2.fastq.gz
    log: log/qc/bamtofastq_SRR5665043.log
    jobid: 300
    benchmark: benchmarks/qc/bamtofastq_SRR5665043.txt
    wildcards: sample=SRR5665043


[Thu Apr 16 22:41:06 2020]
rule bam_to_fastq:
    input: data/qc/bwa_GRCh38_results/SRR5665182_GRCh38_unmapped.bam
    output: data/qc/bwa_GRCh38_results/SRR5665182_unmapped_1.fastq.gz, data/qc/bwa_GRCh38_results/SRR5665182_unmapped_2.fastq.gz
    log: log/qc/bamtofastq_SRR5665182.log
    jobid: 266
    benchmark: benchmarks/qc/bamtofastq_SRR5665182.txt
    wildcards: sample=SRR5665182


[Thu Apr 16 22:41:06 2020]
Activating conda environment: /home/csrkang/bf545/Project/bioinf545-group3-project/.snakemake/conda/f85b58a6
rule bam_to_fastq:
    input: data/qc/bwa_GRCh38_results/SRR5665180_GRCh38_unmapped.bam
    output: data/qc/bwa_GRCh38_results/SRR5665180_unmapped_1.fastq.gz, data/qc/bwa_GRCh38_results/SRR5665180_unmapped_2.fastq.gz
    log: log/qc/bamtofastq_SRR5665180.log
    jobid: 273
    benchmark: benchmarks/qc/bamtofastq_SRR5665180.txt
    wildcards: sample=SRR5665180
Activating conda environment: /home/csrkang/bf545/Project/bioinf545-group3-project/.snakemake/conda/f85b58a6
Activating conda environment: /home/csrkang/bf545/Project/bioinf545-group3-project/.snakemake/conda/f85b58a6

Activating conda environment: /home/csrkang/bf545/Project/bioinf545-group3-project/.snakemake/conda/f85b58a6

[Thu Apr 16 22:41:06 2020]
rule bam_to_fastq:
    input: data/qc/bwa_GRCh38_results/SRR5665046_GRCh38_unmapped.bam
    output: data/qc/bwa_GRCh38_results/SRR5665046_unmapped_1.fastq.gz, data/qc/bwa_GRCh38_results/SRR5665046_unmapped_2.fastq.gz
    log: log/qc/bamtofastq_SRR5665046.log
    jobid: 318
    benchmark: benchmarks/qc/bamtofastq_SRR5665046.txt
    wildcards: sample=SRR5665046

Activating conda environment: /home/csrkang/bf545/Project/bioinf545-group3-project/.snakemake/conda/f85b58a6

[Thu Apr 16 22:41:06 2020]
rule bam_to_fastq:
    input: data/qc/bwa_GRCh38_results/SRR5665073_GRCh38_unmapped.bam
    output: data/qc/bwa_GRCh38_results/SRR5665073_unmapped_1.fastq.gz, data/qc/bwa_GRCh38_results/SRR5665073_unmapped_2.fastq.gz
    log: log/qc/bamtofastq_SRR5665073.log
    jobid: 321
    benchmark: benchmarks/qc/bamtofastq_SRR5665073.txt
    wildcards: sample=SRR5665073

Activating conda environment: /home/csrkang/bf545/Project/bioinf545-group3-project/.snakemake/conda/f85b58a6

[Thu Apr 16 22:41:06 2020]
rule bam_to_fastq:
    input: data/qc/bwa_GRCh38_results/SRR5665054_GRCh38_unmapped.bam
    output: data/qc/bwa_GRCh38_results/SRR5665054_unmapped_1.fastq.gz, data/qc/bwa_GRCh38_results/SRR5665054_unmapped_2.fastq.gz
    log: log/qc/bamtofastq_SRR5665054.log
    jobid: 312
    benchmark: benchmarks/qc/bamtofastq_SRR5665054.txt
    wildcards: sample=SRR5665054

Activating conda environment: /home/csrkang/bf545/Project/bioinf545-group3-project/.snakemake/conda/f85b58a6

[Thu Apr 16 22:41:06 2020]
rule bam_to_fastq:
    input: data/qc/bwa_GRCh38_results/SRR5665186_GRCh38_unmapped.bam
    output: data/qc/bwa_GRCh38_results/SRR5665186_unmapped_1.fastq.gz, data/qc/bwa_GRCh38_results/SRR5665186_unmapped_2.fastq.gz
    log: log/qc/bamtofastq_SRR5665186.log
    jobid: 287
    benchmark: benchmarks/qc/bamtofastq_SRR5665186.txt
    wildcards: sample=SRR5665186

Activating conda environment: /home/csrkang/bf545/Project/bioinf545-group3-project/.snakemake/conda/f85b58a6

[Thu Apr 16 22:41:06 2020]
rule bam_to_fastq:
    input: data/qc/bwa_GRCh38_results/SRR5665031_GRCh38_unmapped.bam
    output: data/qc/bwa_GRCh38_results/SRR5665031_unmapped_1.fastq.gz, data/qc/bwa_GRCh38_results/SRR5665031_unmapped_2.fastq.gz
    log: log/qc/bamtofastq_SRR5665031.log
    jobid: 290
    benchmark: benchmarks/qc/bamtofastq_SRR5665031.txt
    wildcards: sample=SRR5665031

Activating conda environment: /home/csrkang/bf545/Project/bioinf545-group3-project/.snakemake/conda/f85b58a6

[Thu Apr 16 22:41:06 2020]
rule bam_to_fastq:
    input: data/qc/bwa_GRCh38_results/SRR5665123_GRCh38_unmapped.bam
    output: data/qc/bwa_GRCh38_results/SRR5665123_unmapped_1.fastq.gz, data/qc/bwa_GRCh38_results/SRR5665123_unmapped_2.fastq.gz
    log: log/qc/bamtofastq_SRR5665123.log
    jobid: 280
    benchmark: benchmarks/qc/bamtofastq_SRR5665123.txt
    wildcards: sample=SRR5665123

Activating conda environment: /home/csrkang/bf545/Project/bioinf545-group3-project/.snakemake/conda/f85b58a6

[Thu Apr 16 22:41:07 2020]
rule bam_to_fastq:
    input: data/qc/bwa_GRCh38_results/SRR5665163_GRCh38_unmapped.bam
    output: data/qc/bwa_GRCh38_results/SRR5665163_unmapped_1.fastq.gz, data/qc/bwa_GRCh38_results/SRR5665163_unmapped_2.fastq.gz
    log: log/qc/bamtofastq_SRR5665163.log
    jobid: 319
    benchmark: benchmarks/qc/bamtofastq_SRR5665163.txt
    wildcards: sample=SRR5665163

Activating conda environment: /home/csrkang/bf545/Project/bioinf545-group3-project/.snakemake/conda/f85b58a6

[Thu Apr 16 22:41:07 2020]
rule bam_to_fastq:
    input: data/qc/bwa_GRCh38_results/SRR5665162_GRCh38_unmapped.bam
    output: data/qc/bwa_GRCh38_results/SRR5665162_unmapped_1.fastq.gz, data/qc/bwa_GRCh38_results/SRR5665162_unmapped_2.fastq.gz
    log: log/qc/bamtofastq_SRR5665162.log
    jobid: 325
    benchmark: benchmarks/qc/bamtofastq_SRR5665162.txt
    wildcards: sample=SRR5665162

Activating conda environment: /home/csrkang/bf545/Project/bioinf545-group3-project/.snakemake/conda/f85b58a6

[Thu Apr 16 22:41:07 2020]
rule bam_to_fastq:
    input: data/qc/bwa_GRCh38_results/SRR5665120_GRCh38_unmapped.bam
    output: data/qc/bwa_GRCh38_results/SRR5665120_unmapped_1.fastq.gz, data/qc/bwa_GRCh38_results/SRR5665120_unmapped_2.fastq.gz
    log: log/qc/bamtofastq_SRR5665120.log
    jobid: 304
    benchmark: benchmarks/qc/bamtofastq_SRR5665120.txt
    wildcards: sample=SRR5665120

Activating conda environment: /home/csrkang/bf545/Project/bioinf545-group3-project/.snakemake/conda/f85b58a6

[Thu Apr 16 22:41:07 2020]
rule bam_to_fastq:
    input: data/qc/bwa_GRCh38_results/SRR5665030_GRCh38_unmapped.bam
    output: data/qc/bwa_GRCh38_results/SRR5665030_unmapped_1.fastq.gz, data/qc/bwa_GRCh38_results/SRR5665030_unmapped_2.fastq.gz
    log: log/qc/bamtofastq_SRR5665030.log
    jobid: 263
    benchmark: benchmarks/qc/bamtofastq_SRR5665030.txt
    wildcards: sample=SRR5665030

Activating conda environment: /home/csrkang/bf545/Project/bioinf545-group3-project/.snakemake/conda/f85b58a6

[Thu Apr 16 22:41:07 2020]
rule bam_to_fastq:
    input: data/qc/bwa_GRCh38_results/SRR5665075_GRCh38_unmapped.bam
    output: data/qc/bwa_GRCh38_results/SRR5665075_unmapped_1.fastq.gz, data/qc/bwa_GRCh38_results/SRR5665075_unmapped_2.fastq.gz
    log: log/qc/bamtofastq_SRR5665075.log
    jobid: 272
    benchmark: benchmarks/qc/bamtofastq_SRR5665075.txt
    wildcards: sample=SRR5665075

Activating conda environment: /home/csrkang/bf545/Project/bioinf545-group3-project/.snakemake/conda/f85b58a6

[Thu Apr 16 22:41:07 2020]
rule bam_to_fastq:
    input: data/qc/bwa_GRCh38_results/SRR5665187_GRCh38_unmapped.bam
    output: data/qc/bwa_GRCh38_results/SRR5665187_unmapped_1.fastq.gz, data/qc/bwa_GRCh38_results/SRR5665187_unmapped_2.fastq.gz
    log: log/qc/bamtofastq_SRR5665187.log
    jobid: 301
    benchmark: benchmarks/qc/bamtofastq_SRR5665187.txt
    wildcards: sample=SRR5665187

Activating conda environment: /home/csrkang/bf545/Project/bioinf545-group3-project/.snakemake/conda/f85b58a6
[bam_sort_core] merging from 4 files...
[bam_sort_core] merging from 4 files...
[bam_sort_core] merging from 3 files...
[bam_sort_core] merging from 4 files...
[bam_sort_core] merging from 3 files...
[bam_sort_core] merging from 4 files...
[bam_sort_core] merging from 4 files...
[bam_sort_core] merging from 4 files...
[bam_sort_core] merging from 4 files...
[bam_sort_core] merging from 4 files...
[bam_sort_core] merging from 4 files...
[bam_sort_core] merging from 5 files...
[bam_sort_core] merging from 4 files...
[bam_sort_core] merging from 5 files...
[bam_sort_core] merging from 5 files...
[bam_sort_core] merging from 6 files...
[Thu Apr 16 22:44:59 2020]
Finished job 263.
1 of 342 steps (0.29%) done
[Thu Apr 16 22:45:00 2020]
Finished job 318.
2 of 342 steps (0.58%) done
[Thu Apr 16 22:45:00 2020]
Finished job 319.
3 of 342 steps (0.88%) done
[Thu Apr 16 22:45:01 2020]
Finished job 290.
4 of 342 steps (1%) done
[Thu Apr 16 22:45:01 2020]
Finished job 300.
5 of 342 steps (1%) done
[Thu Apr 16 22:45:01 2020]
Finished job 287.
6 of 342 steps (2%) done
[Thu Apr 16 22:45:01 2020]
Finished job 283.
7 of 342 steps (2%) done
[Thu Apr 16 22:45:01 2020]
Finished job 280.
8 of 342 steps (2%) done
[Thu Apr 16 22:45:01 2020]
Finished job 272.
9 of 342 steps (3%) done
[Thu Apr 16 22:45:01 2020]
Finished job 312.
10 of 342 steps (3%) done
[Thu Apr 16 22:45:01 2020]
Finished job 266.
11 of 342 steps (3%) done
[Thu Apr 16 22:45:01 2020]
Finished job 304.
12 of 342 steps (4%) done
[Thu Apr 16 22:45:01 2020]
Finished job 273.
13 of 342 steps (4%) done
[Thu Apr 16 22:45:01 2020]
Finished job 321.
14 of 342 steps (4%) done

[Thu Apr 16 22:45:01 2020]
rule bam_to_fastq:
    input: data/qc/bwa_GRCh38_results/SRR5665164_GRCh38_unmapped.bam
    output: data/qc/bwa_GRCh38_results/SRR5665164_unmapped_1.fastq.gz, data/qc/bwa_GRCh38_results/SRR5665164_unmapped_2.fastq.gz
    log: log/qc/bamtofastq_SRR5665164.log
    jobid: 296
    benchmark: benchmarks/qc/bamtofastq_SRR5665164.txt
    wildcards: sample=SRR5665164

Activating conda environment: /home/csrkang/bf545/Project/bioinf545-group3-project/.snakemake/conda/f85b58a6

[Thu Apr 16 22:45:01 2020]
rule bam_to_fastq:
    input: data/qc/bwa_GRCh38_results/SRR5665050_GRCh38_unmapped.bam
    output: data/qc/bwa_GRCh38_results/SRR5665050_unmapped_1.fastq.gz, data/qc/bwa_GRCh38_results/SRR5665050_unmapped_2.fastq.gz
    log: log/qc/bamtofastq_SRR5665050.log
    jobid: 323
    benchmark: benchmarks/qc/bamtofastq_SRR5665050.txt
    wildcards: sample=SRR5665050


Activating conda environment: /home/csrkang/bf545/Project/bioinf545-group3-project/.snakemake/conda/f85b58a6
[Thu Apr 16 22:45:01 2020]
rule bam_to_fastq:
    input: data/qc/bwa_GRCh38_results/SRR5665059_GRCh38_unmapped.bam
    output: data/qc/bwa_GRCh38_results/SRR5665059_unmapped_1.fastq.gz, data/qc/bwa_GRCh38_results/SRR5665059_unmapped_2.fastq.gz
    log: log/qc/bamtofastq_SRR5665059.log
    jobid: 295
    benchmark: benchmarks/qc/bamtofastq_SRR5665059.txt
    wildcards: sample=SRR5665059


Activating conda environment: /home/csrkang/bf545/Project/bioinf545-group3-project/.snakemake/conda/f85b58a6
[Thu Apr 16 22:45:01 2020]
rule bam_to_fastq:
    input: data/qc/bwa_GRCh38_results/SRR5665103_GRCh38_unmapped.bam
    output: data/qc/bwa_GRCh38_results/SRR5665103_unmapped_1.fastq.gz, data/qc/bwa_GRCh38_results/SRR5665103_unmapped_2.fastq.gz
    log: log/qc/bamtofastq_SRR5665103.log
    jobid: 320
    benchmark: benchmarks/qc/bamtofastq_SRR5665103.txt
    wildcards: sample=SRR5665103

Activating conda environment: /home/csrkang/bf545/Project/bioinf545-group3-project/.snakemake/conda/f85b58a6

[Thu Apr 16 22:45:01 2020]
rule bam_to_fastq:
    input: data/qc/bwa_GRCh38_results/SRR5665079_GRCh38_unmapped.bam
    output: data/qc/bwa_GRCh38_results/SRR5665079_unmapped_1.fastq.gz, data/qc/bwa_GRCh38_results/SRR5665079_unmapped_2.fastq.gz
    log: log/qc/bamtofastq_SRR5665079.log
    jobid: 259
    benchmark: benchmarks/qc/bamtofastq_SRR5665079.txt
    wildcards: sample=SRR5665079


Activating conda environment: /home/csrkang/bf545/Project/bioinf545-group3-project/.snakemake/conda/f85b58a6
[Thu Apr 16 22:45:01 2020]
rule bam_to_fastq:
    input: data/qc/bwa_GRCh38_results/SRR5665181_GRCh38_unmapped.bam
    output: data/qc/bwa_GRCh38_results/SRR5665181_unmapped_1.fastq.gz, data/qc/bwa_GRCh38_results/SRR5665181_unmapped_2.fastq.gz
    log: log/qc/bamtofastq_SRR5665181.log
    jobid: 337
    benchmark: benchmarks/qc/bamtofastq_SRR5665181.txt
    wildcards: sample=SRR5665181

Activating conda environment: /home/csrkang/bf545/Project/bioinf545-group3-project/.snakemake/conda/f85b58a6

[Thu Apr 16 22:45:01 2020]
rule bam_to_fastq:
    input: data/qc/bwa_GRCh38_results/SRR5665044_GRCh38_unmapped.bam
    output: data/qc/bwa_GRCh38_results/SRR5665044_unmapped_1.fastq.gz, data/qc/bwa_GRCh38_results/SRR5665044_unmapped_2.fastq.gz
    log: log/qc/bamtofastq_SRR5665044.log
    jobid: 315
    benchmark: benchmarks/qc/bamtofastq_SRR5665044.txt
    wildcards: sample=SRR5665044

Activating conda environment: /home/csrkang/bf545/Project/bioinf545-group3-project/.snakemake/conda/f85b58a6

[Thu Apr 16 22:45:01 2020]
rule bam_to_fastq:
    input: data/qc/bwa_GRCh38_results/SRR5665052_GRCh38_unmapped.bam
    output: data/qc/bwa_GRCh38_results/SRR5665052_unmapped_1.fastq.gz, data/qc/bwa_GRCh38_results/SRR5665052_unmapped_2.fastq.gz
    log: log/qc/bamtofastq_SRR5665052.log
    jobid: 258
    benchmark: benchmarks/qc/bamtofastq_SRR5665052.txt
    wildcards: sample=SRR5665052

Activating conda environment: /home/csrkang/bf545/Project/bioinf545-group3-project/.snakemake/conda/f85b58a6

[Thu Apr 16 22:45:01 2020]
rule bam_to_fastq:
    input: data/qc/bwa_GRCh38_results/SRR5665049_GRCh38_unmapped.bam
    output: data/qc/bwa_GRCh38_results/SRR5665049_unmapped_1.fastq.gz, data/qc/bwa_GRCh38_results/SRR5665049_unmapped_2.fastq.gz
    log: log/qc/bamtofastq_SRR5665049.log
    jobid: 317
    benchmark: benchmarks/qc/bamtofastq_SRR5665049.txt
    wildcards: sample=SRR5665049

Activating conda environment: /home/csrkang/bf545/Project/bioinf545-group3-project/.snakemake/conda/f85b58a6

[Thu Apr 16 22:45:01 2020]
rule bam_to_fastq:
    input: data/qc/bwa_GRCh38_results/SRR5665155_GRCh38_unmapped.bam
    output: data/qc/bwa_GRCh38_results/SRR5665155_unmapped_1.fastq.gz, data/qc/bwa_GRCh38_results/SRR5665155_unmapped_2.fastq.gz
    log: log/qc/bamtofastq_SRR5665155.log
    jobid: 284
    benchmark: benchmarks/qc/bamtofastq_SRR5665155.txt
    wildcards: sample=SRR5665155

Activating conda environment: /home/csrkang/bf545/Project/bioinf545-group3-project/.snakemake/conda/f85b58a6

[Thu Apr 16 22:45:02 2020]
rule bam_to_fastq:
    input: data/qc/bwa_GRCh38_results/SRR5665047_GRCh38_unmapped.bam
    output: data/qc/bwa_GRCh38_results/SRR5665047_unmapped_1.fastq.gz, data/qc/bwa_GRCh38_results/SRR5665047_unmapped_2.fastq.gz
    log: log/qc/bamtofastq_SRR5665047.log
    jobid: 329
    benchmark: benchmarks/qc/bamtofastq_SRR5665047.txt
    wildcards: sample=SRR5665047

Activating conda environment: /home/csrkang/bf545/Project/bioinf545-group3-project/.snakemake/conda/f85b58a6

[Thu Apr 16 22:45:02 2020]
rule bam_to_fastq:
    input: data/qc/bwa_GRCh38_results/SRR5665027_GRCh38_unmapped.bam
    output: data/qc/bwa_GRCh38_results/SRR5665027_unmapped_1.fastq.gz, data/qc/bwa_GRCh38_results/SRR5665027_unmapped_2.fastq.gz
    log: log/qc/bamtofastq_SRR5665027.log
    jobid: 328
    benchmark: benchmarks/qc/bamtofastq_SRR5665027.txt
    wildcards: sample=SRR5665027

Activating conda environment: /home/csrkang/bf545/Project/bioinf545-group3-project/.snakemake/conda/f85b58a6

[Thu Apr 16 22:45:02 2020]
rule bam_to_fastq:
    input: data/qc/bwa_GRCh38_results/SRR5665028_GRCh38_unmapped.bam
    output: data/qc/bwa_GRCh38_results/SRR5665028_unmapped_1.fastq.gz, data/qc/bwa_GRCh38_results/SRR5665028_unmapped_2.fastq.gz
    log: log/qc/bamtofastq_SRR5665028.log
    jobid: 274
    benchmark: benchmarks/qc/bamtofastq_SRR5665028.txt
    wildcards: sample=SRR5665028


Activating conda environment: /home/csrkang/bf545/Project/bioinf545-group3-project/.snakemake/conda/f85b58a6
[Thu Apr 16 22:45:02 2020]
rule bam_to_fastq:
    input: data/qc/bwa_GRCh38_results/SRR5665056_GRCh38_unmapped.bam
    output: data/qc/bwa_GRCh38_results/SRR5665056_unmapped_1.fastq.gz, data/qc/bwa_GRCh38_results/SRR5665056_unmapped_2.fastq.gz
    log: log/qc/bamtofastq_SRR5665056.log
    jobid: 289
    benchmark: benchmarks/qc/bamtofastq_SRR5665056.txt
    wildcards: sample=SRR5665056

Activating conda environment: /home/csrkang/bf545/Project/bioinf545-group3-project/.snakemake/conda/f85b58a6
[Thu Apr 16 22:45:12 2020]
Finished job 325.
15 of 342 steps (4%) done

[Thu Apr 16 22:45:12 2020]
rule bam_to_fastq:
    input: data/qc/bwa_GRCh38_results/SRR5665185_GRCh38_unmapped.bam
    output: data/qc/bwa_GRCh38_results/SRR5665185_unmapped_1.fastq.gz, data/qc/bwa_GRCh38_results/SRR5665185_unmapped_2.fastq.gz
    log: log/qc/bamtofastq_SRR5665185.log
    jobid: 262
    benchmark: benchmarks/qc/bamtofastq_SRR5665185.txt
    wildcards: sample=SRR5665185

Activating conda environment: /home/csrkang/bf545/Project/bioinf545-group3-project/.snakemake/conda/f85b58a6
[bam_sort_core] merging from 3 files...
[bam_sort_core] merging from 2 files...
[bam_sort_core] merging from 3 files...
[bam_sort_core] merging from 3 files...
[bam_sort_core] merging from 3 files...
[bam_sort_core] merging from 3 files...
[bam_sort_core] merging from 3 files...
[bam_sort_core] merging from 3 files...
[bam_sort_core] merging from 4 files...
[bam_sort_core] merging from 3 files...
[bam_sort_core] merging from 3 files...
[bam_sort_core] merging from 3 files...
[bam_sort_core] merging from 3 files...
[bam_sort_core] merging from 3 files...
[bam_sort_core] merging from 3 files...
[Thu Apr 16 22:46:26 2020]
Finished job 301.
16 of 342 steps (5%) done

[Thu Apr 16 22:46:26 2020]
rule bam_to_fastq:
    input: data/qc/bwa_GRCh38_results/SRR5665080_GRCh38_unmapped.bam
    output: data/qc/bwa_GRCh38_results/SRR5665080_unmapped_1.fastq.gz, data/qc/bwa_GRCh38_results/SRR5665080_unmapped_2.fastq.gz
    log: log/qc/bamtofastq_SRR5665080.log
    jobid: 331
    benchmark: benchmarks/qc/bamtofastq_SRR5665080.txt
    wildcards: sample=SRR5665080

Activating conda environment: /home/csrkang/bf545/Project/bioinf545-group3-project/.snakemake/conda/f85b58a6
[bam_sort_core] merging from 3 files...
[Thu Apr 16 22:47:53 2020]
Finished job 315.
17 of 342 steps (5%) done
[Thu Apr 16 22:47:59 2020]
Finished job 262.
18 of 342 steps (5%) done
[Thu Apr 16 22:47:59 2020]
Finished job 289.
19 of 342 steps (6%) done
[Thu Apr 16 22:47:59 2020]
Finished job 274.
20 of 342 steps (6%) done
[Thu Apr 16 22:47:59 2020]
Finished job 329.
21 of 342 steps (6%) done
[Thu Apr 16 22:47:59 2020]
Finished job 295.
22 of 342 steps (6%) done
[Thu Apr 16 22:47:59 2020]
Finished job 323.
23 of 342 steps (7%) done
[Thu Apr 16 22:47:59 2020]
Finished job 320.
24 of 342 steps (7%) done
[Thu Apr 16 22:47:59 2020]
Finished job 259.
25 of 342 steps (7%) done
[Thu Apr 16 22:47:59 2020]
Finished job 258.
26 of 342 steps (8%) done
[Thu Apr 16 22:47:59 2020]
Finished job 296.
27 of 342 steps (8%) done
[Thu Apr 16 22:47:59 2020]
Finished job 328.
28 of 342 steps (8%) done
[Thu Apr 16 22:47:59 2020]
Finished job 317.
29 of 342 steps (8%) done
[Thu Apr 16 22:47:59 2020]
Finished job 284.
30 of 342 steps (9%) done
[Thu Apr 16 22:47:59 2020]
Finished job 337.
31 of 342 steps (9%) done

[Thu Apr 16 22:47:59 2020]
rule bam_to_fastq:
    input: data/qc/bwa_GRCh38_results/SRR5665041_GRCh38_unmapped.bam
    output: data/qc/bwa_GRCh38_results/SRR5665041_unmapped_1.fastq.gz, data/qc/bwa_GRCh38_results/SRR5665041_unmapped_2.fastq.gz
    log: log/qc/bamtofastq_SRR5665041.log
    jobid: 316
    benchmark: benchmarks/qc/bamtofastq_SRR5665041.txt
    wildcards: sample=SRR5665041

Activating conda environment: /home/csrkang/bf545/Project/bioinf545-group3-project/.snakemake/conda/f85b58a6

[Thu Apr 16 22:47:59 2020]
rule bam_to_fastq:
    input: data/qc/bwa_GRCh38_results/SRR5665035_GRCh38_unmapped.bam
    output: data/qc/bwa_GRCh38_results/SRR5665035_unmapped_1.fastq.gz, data/qc/bwa_GRCh38_results/SRR5665035_unmapped_2.fastq.gz
    log: log/qc/bamtofastq_SRR5665035.log
    jobid: 269
    benchmark: benchmarks/qc/bamtofastq_SRR5665035.txt
    wildcards: sample=SRR5665035

Activating conda environment: /home/csrkang/bf545/Project/bioinf545-group3-project/.snakemake/conda/f85b58a6

[Thu Apr 16 22:47:59 2020]
rule bam_to_fastq:
    input: data/qc/bwa_GRCh38_results/SRR5665034_GRCh38_unmapped.bam
    output: data/qc/bwa_GRCh38_results/SRR5665034_unmapped_1.fastq.gz, data/qc/bwa_GRCh38_results/SRR5665034_unmapped_2.fastq.gz
    log: log/qc/bamtofastq_SRR5665034.log
    jobid: 333
    benchmark: benchmarks/qc/bamtofastq_SRR5665034.txt
    wildcards: sample=SRR5665034

Activating conda environment: /home/csrkang/bf545/Project/bioinf545-group3-project/.snakemake/conda/f85b58a6

[Thu Apr 16 22:47:59 2020]
rule bam_to_fastq:
    input: data/qc/bwa_GRCh38_results/SRR5665144_GRCh38_unmapped.bam
    output: data/qc/bwa_GRCh38_results/SRR5665144_unmapped_1.fastq.gz, data/qc/bwa_GRCh38_results/SRR5665144_unmapped_2.fastq.gz
    log: log/qc/bamtofastq_SRR5665144.log
    jobid: 330
    benchmark: benchmarks/qc/bamtofastq_SRR5665144.txt
    wildcards: sample=SRR5665144

Activating conda environment: /home/csrkang/bf545/Project/bioinf545-group3-project/.snakemake/conda/f85b58a6

[Thu Apr 16 22:47:59 2020]
rule bam_to_fastq:
    input: data/qc/bwa_GRCh38_results/SRR5665158_GRCh38_unmapped.bam
    output: data/qc/bwa_GRCh38_results/SRR5665158_unmapped_1.fastq.gz, data/qc/bwa_GRCh38_results/SRR5665158_unmapped_2.fastq.gz
    log: log/qc/bamtofastq_SRR5665158.log
    jobid: 277
    benchmark: benchmarks/qc/bamtofastq_SRR5665158.txt
    wildcards: sample=SRR5665158

Activating conda environment: /home/csrkang/bf545/Project/bioinf545-group3-project/.snakemake/conda/f85b58a6

[Thu Apr 16 22:47:59 2020]
rule bam_to_fastq:
    input: data/qc/bwa_GRCh38_results/SRR5665061_GRCh38_unmapped.bam
    output: data/qc/bwa_GRCh38_results/SRR5665061_unmapped_1.fastq.gz, data/qc/bwa_GRCh38_results/SRR5665061_unmapped_2.fastq.gz
    log: log/qc/bamtofastq_SRR5665061.log
    jobid: 311
    benchmark: benchmarks/qc/bamtofastq_SRR5665061.txt
    wildcards: sample=SRR5665061

Activating conda environment: /home/csrkang/bf545/Project/bioinf545-group3-project/.snakemake/conda/f85b58a6

[Thu Apr 16 22:47:59 2020]
rule bam_to_fastq:
    input: data/qc/bwa_GRCh38_results/SRR5665074_GRCh38_unmapped.bam
    output: data/qc/bwa_GRCh38_results/SRR5665074_unmapped_1.fastq.gz, data/qc/bwa_GRCh38_results/SRR5665074_unmapped_2.fastq.gz
    log: log/qc/bamtofastq_SRR5665074.log
    jobid: 309
    benchmark: benchmarks/qc/bamtofastq_SRR5665074.txt
    wildcards: sample=SRR5665074


[Thu Apr 16 22:47:59 2020]
Activating conda environment: /home/csrkang/bf545/Project/bioinf545-group3-project/.snakemake/conda/f85b58a6
rule bam_to_fastq:
    input: data/qc/bwa_GRCh38_results/SRR5665029_GRCh38_unmapped.bam
    output: data/qc/bwa_GRCh38_results/SRR5665029_unmapped_1.fastq.gz, data/qc/bwa_GRCh38_results/SRR5665029_unmapped_2.fastq.gz
    log: log/qc/bamtofastq_SRR5665029.log
    jobid: 278
    benchmark: benchmarks/qc/bamtofastq_SRR5665029.txt
    wildcards: sample=SRR5665029

Activating conda environment: /home/csrkang/bf545/Project/bioinf545-group3-project/.snakemake/conda/f85b58a6

[Thu Apr 16 22:47:59 2020]
rule bam_to_fastq:
    input: data/qc/bwa_GRCh38_results/SRR5665179_GRCh38_unmapped.bam
    output: data/qc/bwa_GRCh38_results/SRR5665179_unmapped_1.fastq.gz, data/qc/bwa_GRCh38_results/SRR5665179_unmapped_2.fastq.gz
    log: log/qc/bamtofastq_SRR5665179.log
    jobid: 261
    benchmark: benchmarks/qc/bamtofastq_SRR5665179.txt
    wildcards: sample=SRR5665179

Activating conda environment: /home/csrkang/bf545/Project/bioinf545-group3-project/.snakemake/conda/f85b58a6

[Thu Apr 16 22:47:59 2020]
rule bam_to_fastq:
    input: data/qc/bwa_GRCh38_results/SRR5665122_GRCh38_unmapped.bam
    output: data/qc/bwa_GRCh38_results/SRR5665122_unmapped_1.fastq.gz, data/qc/bwa_GRCh38_results/SRR5665122_unmapped_2.fastq.gz
    log: log/qc/bamtofastq_SRR5665122.log
    jobid: 313
    benchmark: benchmarks/qc/bamtofastq_SRR5665122.txt
    wildcards: sample=SRR5665122

Activating conda environment: /home/csrkang/bf545/Project/bioinf545-group3-project/.snakemake/conda/f85b58a6

[Thu Apr 16 22:48:00 2020]
rule bam_to_fastq:
    input: data/qc/bwa_GRCh38_results/SRR5665042_GRCh38_unmapped.bam
    output: data/qc/bwa_GRCh38_results/SRR5665042_unmapped_1.fastq.gz, data/qc/bwa_GRCh38_results/SRR5665042_unmapped_2.fastq.gz
    log: log/qc/bamtofastq_SRR5665042.log
    jobid: 271
    benchmark: benchmarks/qc/bamtofastq_SRR5665042.txt
    wildcards: sample=SRR5665042

Activating conda environment: /home/csrkang/bf545/Project/bioinf545-group3-project/.snakemake/conda/f85b58a6

[Thu Apr 16 22:48:00 2020]
rule bam_to_fastq:
    input: data/qc/bwa_GRCh38_results/SRR5665077_GRCh38_unmapped.bam
    output: data/qc/bwa_GRCh38_results/SRR5665077_unmapped_1.fastq.gz, data/qc/bwa_GRCh38_results/SRR5665077_unmapped_2.fastq.gz
    log: log/qc/bamtofastq_SRR5665077.log
    jobid: 260
    benchmark: benchmarks/qc/bamtofastq_SRR5665077.txt
    wildcards: sample=SRR5665077


Activating conda environment: /home/csrkang/bf545/Project/bioinf545-group3-project/.snakemake/conda/f85b58a6
[Thu Apr 16 22:48:00 2020]
rule bam_to_fastq:
    input: data/qc/bwa_GRCh38_results/SRR5665057_GRCh38_unmapped.bam
    output: data/qc/bwa_GRCh38_results/SRR5665057_unmapped_1.fastq.gz, data/qc/bwa_GRCh38_results/SRR5665057_unmapped_2.fastq.gz
    log: log/qc/bamtofastq_SRR5665057.log
    jobid: 310
    benchmark: benchmarks/qc/bamtofastq_SRR5665057.txt
    wildcards: sample=SRR5665057

Activating conda environment: /home/csrkang/bf545/Project/bioinf545-group3-project/.snakemake/conda/f85b58a6

[Thu Apr 16 22:48:00 2020]
rule bam_to_fastq:
    input: data/qc/bwa_GRCh38_results/SRR5665053_GRCh38_unmapped.bam
    output: data/qc/bwa_GRCh38_results/SRR5665053_unmapped_1.fastq.gz, data/qc/bwa_GRCh38_results/SRR5665053_unmapped_2.fastq.gz
    log: log/qc/bamtofastq_SRR5665053.log
    jobid: 275
    benchmark: benchmarks/qc/bamtofastq_SRR5665053.txt
    wildcards: sample=SRR5665053


[Thu Apr 16 22:48:00 2020]
rule bam_to_fastq:
    input: data/qc/bwa_GRCh38_results/SRR5665183_GRCh38_unmapped.bam
    output: data/qc/bwa_GRCh38_results/SRR5665183_unmapped_1.fastq.gz, data/qc/bwa_GRCh38_results/SRR5665183_unmapped_2.fastq.gz
    log: log/qc/bamtofastq_SRR5665183.log
    jobid: 281
    benchmark: benchmarks/qc/bamtofastq_SRR5665183.txt
    wildcards: sample=SRR5665183

Activating conda environment: /home/csrkang/bf545/Project/bioinf545-group3-project/.snakemake/conda/f85b58a6
Activating conda environment: /home/csrkang/bf545/Project/bioinf545-group3-project/.snakemake/conda/f85b58a6
[bam_sort_core] merging from 2 files...
[bam_sort_core] merging from 2 files...
[bam_sort_core] merging from 2 files...
[bam_sort_core] merging from 2 files...
[bam_sort_core] merging from 2 files...
[bam_sort_core] merging from 2 files...
[bam_sort_core] merging from 2 files...
[bam_sort_core] merging from 2 files...
[bam_sort_core] merging from 2 files...
[bam_sort_core] merging from 2 files...
[bam_sort_core] merging from 2 files...
[bam_sort_core] merging from 2 files...
[bam_sort_core] merging from 3 files...
[bam_sort_core] merging from 2 files...
[bam_sort_core] merging from 3 files...
[Thu Apr 16 22:48:54 2020]
Finished job 331.
32 of 342 steps (9%) done

[Thu Apr 16 22:48:54 2020]
rule bam_to_fastq:
    input: data/qc/bwa_GRCh38_results/SRR5665118_GRCh38_unmapped.bam
    output: data/qc/bwa_GRCh38_results/SRR5665118_unmapped_1.fastq.gz, data/qc/bwa_GRCh38_results/SRR5665118_unmapped_2.fastq.gz
    log: log/qc/bamtofastq_SRR5665118.log
    jobid: 336
    benchmark: benchmarks/qc/bamtofastq_SRR5665118.txt
    wildcards: sample=SRR5665118

Activating conda environment: /home/csrkang/bf545/Project/bioinf545-group3-project/.snakemake/conda/f85b58a6
[bam_sort_core] merging from 2 files...
[Thu Apr 16 22:50:22 2020]
Finished job 333.
33 of 342 steps (10%) done
[Thu Apr 16 22:50:23 2020]
Finished job 309.
34 of 342 steps (10%) done
[Thu Apr 16 22:50:24 2020]
Finished job 313.
35 of 342 steps (10%) done
[Thu Apr 16 22:50:24 2020]
Finished job 311.
36 of 342 steps (11%) done
[Thu Apr 16 22:50:24 2020]
Finished job 269.
37 of 342 steps (11%) done
[Thu Apr 16 22:50:24 2020]
Finished job 316.
38 of 342 steps (11%) done
[Thu Apr 16 22:50:24 2020]
Finished job 281.
39 of 342 steps (11%) done
[Thu Apr 16 22:50:24 2020]
Finished job 261.
40 of 342 steps (12%) done
[Thu Apr 16 22:50:24 2020]
Finished job 277.
41 of 342 steps (12%) done
[Thu Apr 16 22:50:24 2020]
Finished job 271.
42 of 342 steps (12%) done
[Thu Apr 16 22:50:24 2020]
Finished job 310.
43 of 342 steps (13%) done
[Thu Apr 16 22:50:24 2020]
Finished job 260.
44 of 342 steps (13%) done
[Thu Apr 16 22:50:24 2020]
Finished job 275.
45 of 342 steps (13%) done
[Thu Apr 16 22:50:24 2020]
Finished job 330.
46 of 342 steps (13%) done
[Thu Apr 16 22:50:24 2020]
Finished job 278.
47 of 342 steps (14%) done
[Thu Apr 16 22:50:24 2020]
Finished job 336.
48 of 342 steps (14%) done

[Thu Apr 16 22:50:24 2020]
rule bwa_mem_IGC:
    input: data/qc/bwa_GRCh38_results/SRR5665187_unmapped_1.fastq.gz, data/qc/bwa_GRCh38_results/SRR5665187_unmapped_2.fastq.gz, data/metagenome/bwa_DB/IGC/IGC.fa, data/metagenome/bwa_DB/IGC/IGC.kegg
    output: data/metagenome/bwa_IGC_results/SRR5665187_IGC.bam, data/metagenome/bwa_IGC_results/SRR5665187_flagstat.txt
    log: log/metagenome/bwa-mem_IGC_SRR5665187.log
    jobid: 215
    benchmark: benchmarks/metagenome/bwa-mem_IGC_SRR5665187.txt
    wildcards: sample=SRR5665187
    threads: 16

Activating conda environment: /home/csrkang/bf545/Project/bioinf545-group3-project/.snakemake/conda/f85b58a6
[M::bwa_idx_load_from_disk] read 0 ALT contigs
[M::process] read 1414734 sequences (160000114 bp)...
[M::process] read 1418780 sequences (160000085 bp)...
[M::mem_pestat] # candidate unique pairs for (FF, FR, RF, RR): (44, 95806, 19, 32)
[M::mem_pestat] analyzing insert size distribution for orientation FF...
[M::mem_pestat] (25, 50, 75) percentile: (50, 98, 148)
[M::mem_pestat] low and high boundaries for computing mean and std.dev: (1, 344)
[M::mem_pestat] mean and std.dev: (100.20, 61.27)
[M::mem_pestat] low and high boundaries for proper pairs: (1, 442)
[M::mem_pestat] analyzing insert size distribution for orientation FR...
[M::mem_pestat] (25, 50, 75) percentile: (92, 137, 206)
[M::mem_pestat] low and high boundaries for computing mean and std.dev: (1, 434)
[M::mem_pestat] mean and std.dev: (155.43, 82.19)
[M::mem_pestat] low and high boundaries for proper pairs: (1, 548)
[M::mem_pestat] analyzing insert size distribution for orientation RF...
[M::mem_pestat] (25, 50, 75) percentile: (100, 231, 347)
[M::mem_pestat] low and high boundaries for computing mean and std.dev: (1, 841)
[M::mem_pestat] mean and std.dev: (212.79, 142.25)
[M::mem_pestat] low and high boundaries for proper pairs: (1, 1088)
[M::mem_pestat] analyzing insert size distribution for orientation RR...
[M::mem_pestat] (25, 50, 75) percentile: (63, 110, 143)
[M::mem_pestat] low and high boundaries for computing mean and std.dev: (1, 303)
[M::mem_pestat] mean and std.dev: (118.23, 72.94)
[M::mem_pestat] low and high boundaries for proper pairs: (1, 383)
[M::mem_pestat] skip orientation FF
[M::mem_pestat] skip orientation RF
[M::mem_pestat] skip orientation RR
[mem_sam_pe] paired reads have different names: "SRR5665187.40973", "SRR5665187.40974"

[Thu Apr 16 22:51:31 2020]
Error in rule bwa_mem_IGC:
    jobid: 215
    output: data/metagenome/bwa_IGC_results/SRR5665187_IGC.bam, data/metagenome/bwa_IGC_results/SRR5665187_flagstat.txt
    log: log/metagenome/bwa-mem_IGC_SRR5665187.log
    conda-env: /home/csrkang/bf545/Project/bioinf545-group3-project/.snakemake/conda/f85b58a6

RuleException:
CalledProcessError in line 74 of /home/csrkang/bf545/Project/bioinf545-group3-project/code/metagenome/workflow.smk:
Command 'source activate /home/csrkang/bf545/Project/bioinf545-group3-project/.snakemake/conda/f85b58a6; set -euo pipefail;  
        bwa mem -t 16 data/metagenome/bwa_DB/IGC/IGC data/qc/bwa_GRCh38_results/SRR5665187_unmapped_1.fastq.gz data/qc/bwa_GRCh38_results/SRR5665187_unmapped_2.fastq.gz |
        samtools view -bh - > data/metagenome/bwa_IGC_results/SRR5665187_IGC.bam 2> log/metagenome/bwa-mem_IGC_SRR5665187.log
        samtools flagstat data/metagenome/bwa_IGC_results/SRR5665187_IGC.bam > data/metagenome/bwa_IGC_results/SRR5665187_flagstat.txt ' returned non-zero exit status 1.
  File "/home/csrkang/bf545/Project/bioinf545-group3-project/code/metagenome/workflow.smk", line 74, in __rule_bwa_mem_IGC
  File "/home/csrkang/miniconda3/envs/bf545/lib/python3.6/concurrent/futures/thread.py", line 56, in run
Removing output files of failed job bwa_mem_IGC since they might be corrupted:
data/metagenome/bwa_IGC_results/SRR5665187_IGC.bam
Shutting down, this might take some time.
Exiting because a job execution failed. Look above for error message
Complete log: /home/csrkang/bf545/Project/bioinf545-group3-project/.snakemake/log/2020-04-16T224104.456132.snakemake.log
